10/17/2024 15:36:58 INICIANDO...
10/17/2024 15:36:58 2.11.0.1
10/17/2024 15:36:58 Usuário: ocaio(Administrador)
10/17/2024 15:36:58 Versão do Sistema Operacional: 6.2.9200
10/17/2024 15:36:58 64 Bits: true
10/17/2024 15:36:58 Versão do Firefox.  ( 0.7 )
10/17/2024 15:36:58 UAC: Ativado
10/17/2024 15:36:58 Verificando se Firefox está instalado...
10/17/2024 15:36:58 Firefox não instalado.
10/17/2024 15:36:58 [Verificando Ambiente] Verificando...
10/17/2024 15:36:58 [Verificando Ambiente] Ativando Transport Layer Security (TLS)
10/17/2024 15:36:58 [Verificando Ambiente] Ok.
10/17/2024 15:36:58 [Arquivo hosts] Verificando...
10/17/2024 15:36:58 [Arquivo hosts] Ok.
10/17/2024 15:36:58 [Instalação de certificados raiz] Verificando...
10/17/2024 15:36:58 [Instalação de certificados raiz] Efetuando download do instalador...
10/17/2024 15:37:00 [Instalação de certificados raiz] Instalando...
10/17/2024 15:37:00 [Instalação de certificados raiz] Ok.
10/17/2024 15:37:00 [Terminal Services] Verificando...
10/17/2024 15:37:00 [Terminal Services] Ok.
10/17/2024 15:37:00 [Limpeza do cache IE] Verificando...
10/17/2024 15:37:01 [Limpeza do cache IE] Limpando...
10/17/2024 15:37:01 [Limpeza do cache IE] Ok.
10/17/2024 15:37:01 [Instalando Módulo de Segurança] Verificando...
10/17/2024 15:37:01 [Instalando Módulo de Segurança] Efetuando download do instalador...
10/17/2024 15:37:06 [Instalando Módulo de Segurança] Instalando...
10/17/2024 15:37:23 [Instalando Módulo de Segurança] Ok.
10/17/2024 15:37:23 [Configurações do Módulo de Segurança] Verificando...
10/17/2024 15:37:23 [Configurações do Módulo de Segurança] Ok.
10/17/2024 15:37:23 [Instalando configurações da CAIXA] Verificando...
10/17/2024 15:37:31 [Instalando configurações da CAIXA] Ok.
10/17/2024 15:37:31 [Ajustando ambiente] Verificando...
10/17/2024 15:37:31 [Ajustando ambiente] Ok.
10/17/2024 15:37:31 [Atualizando listas] Verificando...
10/17/2024 15:37:31 [Atualizando listas] Ok.
10/17/2024 15:37:31 [Concluindo execucao] Verificando...
10/17/2024 15:37:33 [Concluindo execucao] CONCLUÍDO.
10/17/2024 15:37:33 CONCLUÍDO.
